#
# There is insufficient memory for the Java Runtime Environment to continue.
# Native memory allocation (mmap) failed to map 264241152 bytes for G1 virtual space
# Possible reasons:
#   The system is out of physical RAM or swap space
#   The process is running with CompressedOops enabled, and the Java Heap may be blocking the growth of the native heap
# Possible solutions:
#   Reduce memory load on the system
#   Increase physical memory or swap space
#   Check if swap backing store is full
#   Decrease Java heap size (-Xmx/-Xms)
#   Decrease number of Java threads
#   Decrease Java thread stack sizes (-Xss)
#   Set larger code cache with -XX:ReservedCodeCacheSize=
#   JVM is running with Zero Based Compressed Oops mode in which the Java heap is
#     placed in the first 32GB address space. The Java Heap base address is the
#     maximum limit for the native heap growth. Please use -XX:HeapBaseMinAddress
#     to set the Java Heap base and to place the Java Heap above 32GB virtual address.
# This output file may be truncated or incomplete.
#
#  Out of Memory Error (os_windows.cpp:3600), pid=38736, tid=39356
#
# JRE version:  (21.0.2+13) (build )
# Java VM: Java HotSpot(TM) 64-Bit Server VM (21.0.2+13-LTS-58, mixed mode, sharing, tiered, compressed oops, compressed class ptrs, g1 gc, windows-amd64)
# No core dump will be written. Minidumps are not enabled by default on client versions of Windows
#

---------------  S U M M A R Y ------------

Command Line: -XX:+EnableDynamicAgentLoading C:\Users\deore\AppData\Local\Temp\surefire16606484747204043564\surefirebooter-20260721030457401_3.jar C:\Users\deore\AppData\Local\Temp\surefire16606484747204043564 2026-07-21T03-04-57_162-jvmRun1 surefire-20260721030457401_1tmp surefire_0-20260721030457401_2tmp

Host: 12th Gen Intel(R) Core(TM) i5-12500H, 16 cores, 15G,  Windows 11 , 64 bit Build 26100 (10.0.26100.8875)
Time: Tue Jul 21 03:04:59 2026 India Standard Time elapsed time: 2.042721 seconds (0d 0h 0m 2s)

---------------  T H R E A D  ---------------

Current thread (0x000002dd29f64920):  JavaThread "Unknown thread" [_thread_in_vm, id=39356, stack(0x000000ecf3a00000,0x000000ecf3b00000) (1024K)]

Stack: [0x000000ecf3a00000,0x000000ecf3b00000]
Native frames: (J=compiled Java code, j=interpreted, Vv=VM code, C=native code)
V  [jvm.dll+0x6cade9]
V  [jvm.dll+0x8569c1]
V  [jvm.dll+0x858d2e]
V  [jvm.dll+0x859413]
V  [jvm.dll+0x280e56]
V  [jvm.dll+0x6c74d5]
V  [jvm.dll+0x6bbeca]
V  [jvm.dll+0x355bca]
V  [jvm.dll+0x35d816]
V  [jvm.dll+0x3ae67e]
V  [jvm.dll+0x3ae928]
V  [jvm.dll+0x3295dc]
V  [jvm.dll+0x32a16b]
V  [jvm.dll+0x81efa9]
V  [jvm.dll+0x3bba01]
V  [jvm.dll+0x807928]
V  [jvm.dll+0x44f50e]
V  [jvm.dll+0x450e11]
C  [jli.dll+0x52a3]
C  [ucrtbase.dll+0x2cd30]
C  [KERNEL32.DLL+0x2e957]
C  [ntdll.dll+0xaad6c]


---------------  P R O C E S S  ---------------

Threads class SMR info:
_java_thread_list=0x00007fff2263bb88, length=0, elements={
}

Java Threads: ( => current thread )
Total: 0

Other Threads:
  0x000002dd2a502a60 WorkerThread "GC Thread#0"                     [id=33404, stack(0x000000ecf3b00000,0x000000ecf3c00000) (1024K)]
  0x000002dd2a551b80 ConcurrentGCThread "G1 Main Marker"            [id=32812, stack(0x000000ecf3c00000,0x000000ecf3d00000) (1024K)]
  0x000002dd2a553440 WorkerThread "G1 Conc#0"                       [id=29884, stack(0x000000ecf3d00000,0x000000ecf3e00000) (1024K)]

[error occurred during error reporting (printing all threads), id 0xc0000005, EXCEPTION_ACCESS_VIOLATION (0xc0000005) at pc=0x00007fff21dac6a7]
VM state: not at safepoint (not fully initialized)

VM Mutex/Monitor currently owned by a thread:  ([mutex/lock_event])
[0x00007fff226ace68] Heap_lock - owner thread: 0x000002dd29f64920

Heap address: 0x0000000705e00000, size: 4002 MB, Compressed Oops mode: Zero based, Oop shift amount: 3

CDS archive(s) mapped at: [0x0000000000000000-0x0000000000000000-0x0000000000000000), size 0, SharedBaseAddress: 0x0000000800000000, ArchiveRelocationMode: 1.
Narrow klass base: 0x0000000000000000, Narrow klass shift: 0, Narrow klass range: 0x0

GC Precious Log:
 CardTable entry size: 512
 Card Set container configuration: InlinePtr #cards 4 size 8 Array Of Cards #cards 16 size 48 Howl #buckets 8 coarsen threshold 3686 Howl Bitmap #cards 512 size 80 coarsen threshold 460 Card regions per heap region 1 cards per card region 4096

Heap:
 garbage-first heap   total 0K, used 0K [0x0000000705e00000, 0x0000000800000000)
  region size 2048K, 0 young (0K), 0 survivors (0K)

[error occurred during error reporting (printing heap information), id 0xc0000005, EXCEPTION_ACCESS_VIOLATION (0xc0000005) at pc=0x00007fff221939f9]
GC Heap History (0 events):
No events

Dll operation events (1 events):
Event: 0.008 Loaded shared library C:\Program Files\Java\jdk-21\bin\java.dll

Deoptimization events (0 events):
No events

Classes loaded (0 events):
No events

Classes unloaded (0 events):
No events

Classes redefined (0 events):
No events

Internal exceptions (0 events):
No events

ZGC Phase Switch (0 events):
No events

VM Operations (0 events):
No events

Events (0 events):
No events


Dynamic libraries:
0x00007ff629330000 - 0x00007ff629340000 	C:\Program Files\Java\jdk-21\bin\java.exe
0x00007ff82f680000 - 0x00007ff82f8e6000 	C:\WINDOWS\SYSTEM32\ntdll.dll
0x00007ff82d490000 - 0x00007ff82d559000 	C:\WINDOWS\System32\KERNEL32.DLL
0x00007ff82cc50000 - 0x00007ff82d04e000 	C:\WINDOWS\System32\KERNELBASE.dll
0x00007ff82d250000 - 0x00007ff82d39c000 	C:\WINDOWS\System32\ucrtbase.dll
0x00007fffab230000 - 0x00007fffab249000 	C:\Program Files\Java\jdk-21\bin\jli.dll
0x00007fffaba30000 - 0x00007fffaba4b000 	C:\Program Files\Java\jdk-21\bin\VCRUNTIME140.dll
0x00007ff82e890000 - 0x00007ff82e947000 	C:\WINDOWS\System32\ADVAPI32.dll
0x00007ff82e3c0000 - 0x00007ff82e469000 	C:\WINDOWS\System32\msvcrt.dll
0x00007ff82d850000 - 0x00007ff82d8fa000 	C:\WINDOWS\System32\sechost.dll
0x00007ff82e950000 - 0x00007ff82ea68000 	C:\WINDOWS\System32\RPCRT4.dll
0x00007ff82d660000 - 0x00007ff82d827000 	C:\WINDOWS\System32\USER32.dll
0x00007ff82cb70000 - 0x00007ff82cb97000 	C:\WINDOWS\System32\win32u.dll
0x00007ff80ecd0000 - 0x00007ff80ef62000 	C:\WINDOWS\WinSxS\amd64_microsoft.windows.common-controls_6595b64144ccf1df_6.0.26100.8875_none_3e0d5d42e32fe9dd\COMCTL32.dll
0x00007ff82f500000 - 0x00007ff82f52b000 	C:\WINDOWS\System32\GDI32.dll
0x00007ff82d060000 - 0x00007ff82d18a000 	C:\WINDOWS\System32\gdi32full.dll
0x00007ff82cba0000 - 0x00007ff82cc43000 	C:\WINDOWS\System32\msvcp_win.dll
0x00007ff821a40000 - 0x00007ff821a4b000 	C:\WINDOWS\SYSTEM32\VERSION.dll
0x00007ff82d440000 - 0x00007ff82d472000 	C:\WINDOWS\System32\IMM32.DLL
0x00007ff8133b0000 - 0x00007ff8133bc000 	C:\Program Files\Java\jdk-21\bin\vcruntime140_1.dll
0x00007fff8a740000 - 0x00007fff8a7ce000 	C:\Program Files\Java\jdk-21\bin\msvcp140.dll
0x00007fff21a70000 - 0x00007fff22787000 	C:\Program Files\Java\jdk-21\bin\server\jvm.dll
0x00007ff82e470000 - 0x00007ff82e4f0000 	C:\WINDOWS\System32\WS2_32.dll
0x00007ff82b3e0000 - 0x00007ff82b43e000 	C:\WINDOWS\SYSTEM32\POWRPROF.dll
0x00007ff821a00000 - 0x00007ff821a36000 	C:\WINDOWS\SYSTEM32\WINMM.dll
0x00007ff82b3c0000 - 0x00007ff82b3d4000 	C:\WINDOWS\SYSTEM32\UMPDC.dll
0x00007ff82b6a0000 - 0x00007ff82b6bb000 	C:\WINDOWS\SYSTEM32\kernel.appcore.dll
0x00007ff80ca50000 - 0x00007ff80ca5a000 	C:\Program Files\Java\jdk-21\bin\jimage.dll
0x00007ff829cf0000 - 0x00007ff829f32000 	C:\WINDOWS\SYSTEM32\DBGHELP.DLL
0x00007ff82e500000 - 0x00007ff82e883000 	C:\WINDOWS\System32\combase.dll
0x00007ff82e0d0000 - 0x00007ff82e1a9000 	C:\WINDOWS\System32\OLEAUT32.dll
0x00007ff80bba0000 - 0x00007ff80bbdb000 	C:\WINDOWS\SYSTEM32\dbgcore.DLL
0x00007ff82d190000 - 0x00007ff82d23c000 	C:\WINDOWS\System32\bcryptPrimitives.dll
0x00007fffa87a0000 - 0x00007fffa87bf000 	C:\Program Files\Java\jdk-21\bin\java.dll

dbghelp: loaded successfully - version: 4.0.5 - missing functions: none
symbol engine: initialized successfully - sym options: 0x614 - pdb path: .;C:\Program Files\Java\jdk-21\bin;C:\WINDOWS\SYSTEM32;C:\WINDOWS\WinSxS\amd64_microsoft.windows.common-controls_6595b64144ccf1df_6.0.26100.8875_none_3e0d5d42e32fe9dd;C:\Program Files\Java\jdk-21\bin\server

VM Arguments:
jvm_args: -XX:+EnableDynamicAgentLoading 
java_command: C:\Users\deore\AppData\Local\Temp\surefire16606484747204043564\surefirebooter-20260721030457401_3.jar C:\Users\deore\AppData\Local\Temp\surefire16606484747204043564 2026-07-21T03-04-57_162-jvmRun1 surefire-20260721030457401_1tmp surefire_0-20260721030457401_2tmp
java_class_path (initial): C:\Users\deore\AppData\Local\Temp\surefire16606484747204043564\surefirebooter-20260721030457401_3.jar
Launcher Type: SUN_STANDARD

[Global flags]
     intx CICompilerCount                          = 12                                        {product} {ergonomic}
     uint ConcGCThreads                            = 3                                         {product} {ergonomic}
     bool EnableDynamicAgentLoading                = true                                      {product} {command line}
     uint G1ConcRefinementThreads                  = 13                                        {product} {ergonomic}
   size_t G1HeapRegionSize                         = 2097152                                   {product} {ergonomic}
    uintx GCDrainStackTargetSize                   = 64                                        {product} {ergonomic}
   size_t InitialHeapSize                          = 264241152                                 {product} {ergonomic}
   size_t MarkStackSize                            = 4194304                                   {product} {ergonomic}
   size_t MaxHeapSize                              = 4196401152                                {product} {ergonomic}
   size_t MinHeapDeltaBytes                        = 2097152                                   {product} {ergonomic}
   size_t MinHeapSize                              = 8388608                                   {product} {ergonomic}
    uintx NonNMethodCodeHeapSize                   = 7602480                                {pd product} {ergonomic}
    uintx NonProfiledCodeHeapSize                  = 122027880                              {pd product} {ergonomic}
    uintx ProfiledCodeHeapSize                     = 122027880                              {pd product} {ergonomic}
    uintx ReservedCodeCacheSize                    = 251658240                              {pd product} {ergonomic}
     bool SegmentedCodeCache                       = true                                      {product} {ergonomic}
   size_t SoftMaxHeapSize                          = 4196401152                             {manageable} {ergonomic}
     bool UseCompressedOops                        = true                           {product lp64_product} {ergonomic}
     bool UseG1GC                                  = true                                      {product} {ergonomic}
     bool UseLargePagesIndividualAllocation        = false                                  {pd product} {ergonomic}

Logging:
Log output configuration:
 #0: stdout all=warning uptime,level,tags foldmultilines=false
 #1: stderr all=off uptime,level,tags foldmultilines=false

Environment Variables:
PATH=C:\Program Files\Common Files\Oracle\Java\javapath;C:\Windows\system32;C:\Windows;C:\Windows\System32\Wbem;C:\Windows\System32\WindowsPowerShell\v1.0\;C:\Windows\System32\OpenSSH\;C:\Program Files (x86)\NVIDIA Corporation\PhysX\Common;C:\Program Files\NVIDIA Corporation\NVIDIA NvDLISR;C:\Program Files\dotnet\;C:\Program Files\Git\cmd;C:\WINDOWS\system32;C:\WINDOWS;C:\WINDOWS\System32\Wbem;C:\WINDOWS\System32\WindowsPowerShell\v1.0\;C:\WINDOWS\System32\OpenSSH\;C:\Program Files\Docker\Docker\resources\bin;C:\Program Files\apache-maven-3.9.12\bin;C:\Program Files\k6\;C:\Program Files\nodejs\;C:\ProgramData\chocolatey\bin;C:\Program Files\Amazon\AWSCLI\bin\;C:\Users\deore\AppData\Local\Programs\Python\Python313\Scripts\;C:\Users\deore\AppData\Local\Programs\Python\Python313\;C:\Program Files\MySQL\MySQL Shell 8.0\bin\;C:\Users\deore\AppData\Local\Microsoft\WindowsApps;C:\Program Files (x86)\MinGW\bin;C:\Users\deore\AppData\Local\Programs\Microsoft VS Code\bin;C:\Users\deore\AppData\Roaming\npm;C:\Program Files\PostgreSQL\17\bin;C:\Program Files\mosquitto;C:\Program Files\JetBrains\IntelliJ IDEA 2025.3.2\bin;C:\Users\deore\AppData\Local\Programs\Antigravity\bin;G:\;C:\terraform\;C:\Users\deore\AppData\Local\Programs\Antigravity IDE\bin;C:\Program Files\JetBrains\PyCharm 2026.1.4\bin;c:\Users\deore\.antigravity-ide\extensions\ms-python.debugpy-2026.6.0-win32-x64\bundled\scripts\noConfigScripts;c:\Users\deore\.antigravity-ide\extensions\vscjava.vscode-java-debug-0.59.0-universal\bundled\scripts\noConfigScripts
USERNAME=deore
LANG=en_US.UTF-8
OS=Windows_NT
PROCESSOR_IDENTIFIER=Intel64 Family 6 Model 154 Stepping 3, GenuineIntel
TMP=C:\Users\deore\AppData\Local\Temp
TEMP=C:\Users\deore\AppData\Local\Temp




Periodic native trim disabled

---------------  S Y S T E M  ---------------

OS:
 Windows 11 , 64 bit Build 26100 (10.0.26100.8875)
OS uptime: 0 days 12:40 hours
Hyper-V role detected

CPU: total 16 (initial active 16) (8 cores per cpu, 2 threads per core) family 6 model 154 stepping 3 microcode 0x434, cx8, cmov, fxsr, ht, mmx, 3dnowpref, sse, sse2, sse3, ssse3, sse4.1, sse4.2, popcnt, lzcnt, tsc, tscinvbit, avx, avx2, aes, erms, clmul, bmi1, bmi2, adx, sha, fma, vzeroupper, clflush, clflushopt, clwb, hv, serialize, rdtscp, rdpid, fsrm, f16c, cet_ibt, cet_ss
Processor Information for all 16 processors :
  Max Mhz: 2500, Current Mhz: 2500, Mhz Limit: 2500

Memory: 4k page, system-wide physical 16004M (445M free)
TotalPageFile size 31682M (AvailPageFile size 101M)
current process WorkingSet (physical memory assigned to process): 13M, peak: 13M
current process commit charge ("private bytes"): 71M, peak: 323M

vm_info: Java HotSpot(TM) 64-Bit Server VM (21.0.2+13-LTS-58) for windows-amd64 JRE (21.0.2+13-LTS-58), built on 2024-01-05T18:32:24Z by "mach5one" with MS VC++ 17.1 (VS2022)

END.
